<?xml version="1.0" encoding="UTF-8"?>
<!-- Generated by org.testng.reporters.JUnitReportReporter -->
<testsuite hostname="DESKTOP-VVPVL41" failures="0" tests="1" name="regressiontesting.client.AddclientTest" time="3.883" errors="0" timestamp="2024-04-18T18:04:52 IST" skipped="0">
  <testcase classname="regressiontesting.client.AddclientTest" name="AddClienttest" time="3.883"/>
</testsuite> <!-- regressiontesting.client.AddclientTest -->
