<?xml version="1.0" encoding="UTF-8"?>
<!-- Generated by org.testng.reporters.JUnitReportReporter -->
<testsuite hostname="DESKTOP-VVPVL41" failures="0" tests="1" name="regressiontesting.FrogotpasswordTest" time="48.626" errors="0" timestamp="2024-04-15T18:03:50 IST" skipped="0">
  <testcase classname="regressiontesting.FrogotpasswordTest" name="forgotpasswordtest" time="48.626"/>
</testsuite> <!-- regressiontesting.FrogotpasswordTest -->
