<?xml version="1.0" encoding="UTF-8"?>
<!-- Generated by org.testng.reporters.JUnitReportReporter -->
<testsuite hostname="DESKTOP-VVPVL41" failures="0" tests="1" name="databasetesting.AddclientDataprovider" time="15.842" errors="0" timestamp="2024-04-23T18:49:27 IST" skipped="0">
  <testcase classname="databasetesting.AddclientDataprovider" name="AddClienttest" time="15.842"/>
</testsuite> <!-- databasetesting.AddclientDataprovider -->
