<?xml version="1.0" encoding="UTF-8"?>
<!-- Generated by org.testng.reporters.JUnitReportReporter -->
<testsuite hostname="DESKTOP-VVPVL41" failures="0" tests="11" name="uiTesting.LoginTest" time="0.910" errors="0" timestamp="2024-04-25T17:55:24 IST" skipped="0">
  <testcase classname="uiTesting.LoginTest" name="checkLblPasswordSpell" time="0.048"/>
  <testcase classname="uiTesting.LoginTest" name="checkLblEmailFontFamily" time="0.043"/>
  <testcase classname="uiTesting.LoginTest" name="checkLblEmailfontsize" time="0.038"/>
  <testcase classname="uiTesting.LoginTest" name="checkTxtusernameEnablity" time="0.022"/>
  <testcase classname="uiTesting.LoginTest" name="checkTxtpasswordVisibility" time="0.034"/>
  <testcase classname="uiTesting.LoginTest" name="checkLblEmailSpell" time="0.041"/>
  <testcase classname="uiTesting.LoginTest" name="checkTxtUsernameVisibility" time="0.275"/>
  <testcase classname="uiTesting.LoginTest" name="checkTxtpasswordEnablity" time="0.028"/>
  <testcase classname="uiTesting.LoginTest" name="checkBtnLoginColor" time="0.320"/>
  <testcase classname="uiTesting.LoginTest" name="checkTxtPasswordkWaterMark" time="0.036"/>
  <testcase classname="uiTesting.LoginTest" name="checkTxtUsernamelWaterMark" time="0.025"/>
</testsuite> <!-- uiTesting.LoginTest -->
